<?xml version="1.0" encoding="UTF-8"?>
<!-- Generated by org.testng.reporters.JUnitXMLReporter -->
<testsuite hostname="LAPTOP-DL1C7Q1N" ignored="0" name="Test" tests="5" failures="0" timestamp="2020-11-06T09:12:21 IST" time="0.064" errors="0">
  <testcase name="add" time="0.006" classname="TestNGScripts.Test1"/>
  <testcase name="multiply" time="0.001" classname="TestNGScripts.Test1"/>
  <testcase name="sub" time="0.0" classname="TestNGScripts.Test1"/>
  <testcase name="StrMethod" time="0.0" classname="TestNGScripts.Test2"/>
  <testcase name="divide" time="0.0" classname="TestNGScripts.Test2"/>
</testsuite> <!-- Test -->
