<?xml version="1.0" encoding="UTF-8"?>
<testng-results skipped="0" failed="0" ignored="0" total="5" passed="5">
  <reporter-output>
  </reporter-output>
  <suite name="Suite" duration-ms="64" started-at="2020-11-06T09:12:21 IST" finished-at="2020-11-06T09:12:21 IST">
    <groups>
    </groups>
    <test name="Test" duration-ms="64" started-at="2020-11-06T09:12:21 IST" finished-at="2020-11-06T09:12:21 IST">
      <class name="TestNGScripts.Test2">
        <test-method status="PASS" signature="StrMethod()[pri:0, instance:TestNGScripts.Test2@1ed4004b]" name="StrMethod" duration-ms="0" started-at="2020-11-06T09:12:21 IST" finished-at="2020-11-06T09:12:21 IST">
          <reporter-output>
          </reporter-output>
        </test-method> <!-- StrMethod -->
        <test-method status="PASS" signature="divide()[pri:0, instance:TestNGScripts.Test2@1ed4004b]" name="divide" duration-ms="0" started-at="2020-11-06T09:12:21 IST" finished-at="2020-11-06T09:12:21 IST">
          <reporter-output>
          </reporter-output>
        </test-method> <!-- divide -->
      </class> <!-- TestNGScripts.Test2 -->
      <class name="TestNGScripts.Test1">
        <test-method status="PASS" signature="add()[pri:0, instance:TestNGScripts.Test1@4566e5bd]" name="add" duration-ms="6" started-at="2020-11-06T09:12:21 IST" finished-at="2020-11-06T09:12:21 IST">
          <reporter-output>
          </reporter-output>
        </test-method> <!-- add -->
        <test-method status="PASS" signature="multiply()[pri:0, instance:TestNGScripts.Test1@4566e5bd]" name="multiply" duration-ms="1" started-at="2020-11-06T09:12:21 IST" finished-at="2020-11-06T09:12:21 IST">
          <reporter-output>
          </reporter-output>
        </test-method> <!-- multiply -->
        <test-method status="PASS" signature="sub()[pri:0, instance:TestNGScripts.Test1@4566e5bd]" name="sub" duration-ms="0" started-at="2020-11-06T09:12:21 IST" finished-at="2020-11-06T09:12:21 IST">
          <reporter-output>
          </reporter-output>
        </test-method> <!-- sub -->
      </class> <!-- TestNGScripts.Test1 -->
    </test> <!-- Test -->
  </suite> <!-- Suite -->
</testng-results>
