<?xml version="1.0" encoding="UTF-8"?>
<testng-results skipped="0" failed="0" ignored="0" total="1" passed="1">
  <reporter-output>
  </reporter-output>
  <suite name="Default suite" duration-ms="95" started-at="2020-11-06T08:59:03 IST" finished-at="2020-11-06T08:59:03 IST">
    <groups>
    </groups>
    <test name="Default test" duration-ms="95" started-at="2020-11-06T08:59:03 IST" finished-at="2020-11-06T08:59:03 IST">
      <class name="TestNGScripts.Test1">
        <test-method status="PASS" signature="add()[pri:0, instance:TestNGScripts.Test1@6321e813]" name="add" duration-ms="23" started-at="2020-11-06T08:59:03 IST" finished-at="2020-11-06T08:59:03 IST">
          <reporter-output>
          </reporter-output>
        </test-method> <!-- add -->
      </class> <!-- TestNGScripts.Test1 -->
    </test> <!-- Default test -->
  </suite> <!-- Default suite -->
</testng-results>
